Scanning dependencies of target CodasipCommonTableGen
[  1%] Building CodasipGenInstrInfo.inc...
[  3%] Building CodasipGenRegisterInfo.inc...
[  5%] Building CodasipGenAsmWriter.inc...
[  7%] Building CodasipGenDAGISel.inc...
[  9%] Building CodasipGenCallingConv.inc...
[ 11%] Building CodasipGenSubtargetInfo.inc...
[ 12%] Updating CodasipGenSubtargetInfo.inc...
[ 14%] Updating CodasipGenCallingConv.inc...
[ 16%] Updating CodasipGenAsmWriter.inc...
[ 20%] Updating CodasipGenInstrInfo.inc...
[ 20%] Updating CodasipGenRegisterInfo.inc...
[ 22%] Updating CodasipGenDAGISel.inc...
[ 22%] Built target CodasipCommonTableGen
Scanning dependencies of target LLVMCodasipCustomModules
[ 24%] Building CXX object lib/Target/Codasip/CustomModules/CMakeFiles/LLVMCodasipCustomModules.dir/dummy.cpp.obj
Scanning dependencies of target LLVMCodasipInfo
[ 25%] Linking CXX static library ../../../libLLVMCodasipCustomModules.a
Scanning dependencies of target LLVMCodasipDesc
Scanning dependencies of target LLVMCodasipAsmPrinter
[ 25%] Built target LLVMCodasipCustomModules
[ 27%] Building CXX object lib/Target/Codasip/MCTargetDesc/CMakeFiles/LLVMCodasipDesc.dir/CodasipMCAsmInfo.cpp.obj
[ 29%] Building CXX object lib/Target/Codasip/TargetInfo/CMakeFiles/LLVMCodasipInfo.dir/CodasipTargetInfo.cpp.obj
[ 31%] Building CXX object lib/Target/Codasip/MCTargetDesc/CMakeFiles/LLVMCodasipDesc.dir/CodasipMCTargetDesc.cpp.obj
[ 33%] Building CXX object lib/Target/Codasip/InstPrinter/CMakeFiles/LLVMCodasipAsmPrinter.dir/CodasipInstPrinter.cpp.obj
Scanning dependencies of target LLVMCodasipCodeGen
[ 35%] Building CXX object lib/Target/Codasip/CMakeFiles/LLVMCodasipCodeGen.dir/CodasipMachineFunction.cpp.obj
[ 37%] Building CXX object lib/Target/Codasip/CMakeFiles/LLVMCodasipCodeGen.dir/CodasipAsmPrinter.cpp.obj
[ 40%] Building CXX object lib/Target/Codasip/CMakeFiles/LLVMCodasipCodeGen.dir/CodasipFrameLowering.cpp.obj
[ 40%] Building CXX object lib/Target/Codasip/CMakeFiles/LLVMCodasipCodeGen.dir/CodasipGenFrameLowering.cpp.obj
[ 42%] Building CXX object lib/Target/Codasip/CMakeFiles/LLVMCodasipCodeGen.dir/CodasipGenInstrInfo.cpp.obj
c:/Users/Boskin/codasip/RISC_V5/work/tmp/compiler/llvm/lib/Target/Codasip/CodasipGenInstrInfo.cpp:1117:0: warning: ignoring #pragma optimize  [-Wunknown-pragmas]
  #pragma optimize("", off) // disable global optimization, this will increase compilation times 8x-10x
 ^
c:/Users/Boskin/codasip/RISC_V5/work/tmp/compiler/llvm/lib/Target/Codasip/CodasipGenInstrInfo.cpp:2699:0: warning: ignoring #pragma optimize  [-Wunknown-pragmas]
  #pragma optimize("", on)
 ^
[ 44%] Linking CXX static library ../../../libLLVMCodasipDesc.a
[ 46%] Linking CXX static library ../../../libLLVMCodasipInfo.a
[ 46%] Built target LLVMCodasipDesc
[ 46%] Built target LLVMCodasipInfo
[ 48%] Building CXX object lib/Target/Codasip/CMakeFiles/LLVMCodasipCodeGen.dir/CodasipGenRegisterInfo.cpp.obj
[ 50%] Building CXX object lib/Target/Codasip/CMakeFiles/LLVMCodasipCodeGen.dir/CodasipGenISelLowering.cpp.obj
c:/Users/Boskin/codasip/RISC_V5/work/tmp/compiler/llvm/lib/Target/Codasip/CodasipGenISelLowering.cpp:56:0: warning: ignoring #pragma optimize  [-Wunknown-pragmas]
   #pragma optimize("", off) // disable global optimization, this will increase compilation times 8x-10x
 ^
c:/Users/Boskin/codasip/RISC_V5/work/tmp/compiler/llvm/lib/Target/Codasip/CodasipGenISelLowering.cpp:267:0: warning: ignoring #pragma optimize  [-Wunknown-pragmas]
   #pragma optimize("", on)
 ^
c:/Users/Boskin/codasip/RISC_V5/work/tmp/compiler/llvm/lib/Target/Codasip/CodasipGenFrameLowering.cpp: In member function 'virtual void llvm::CodasipGenFrameLowering::emitEpilogue(llvm::MachineFunction&, llvm::MachineBasicBlock&) const':
c:/Users/Boskin/codasip/RISC_V5/work/tmp/compiler/llvm/lib/Target/Codasip/CodasipGenFrameLowering.cpp:250:20: warning: variable 'SP_W' set but not used [-Wunused-but-set-variable]
     MachineOperand SP_W = MachineOperand::CreateReg(RI.GetSP(space),true);
                    ^
c:/Users/Boskin/codasip/RISC_V5/work/tmp/compiler/llvm/lib/Target/Codasip/CodasipGenFrameLowering.cpp:251:20: warning: variable 'BP_R' set but not used [-Wunused-but-set-variable]
     MachineOperand BP_R = MachineOperand::CreateReg(RI.GetBP(space),false);
                    ^
[ 51%] Linking CXX static library ../../../libLLVMCodasipAsmPrinter.a
[ 51%] Built target LLVMCodasipAsmPrinter
[ 53%] Building CXX object lib/Target/Codasip/CMakeFiles/LLVMCodasipCodeGen.dir/CodasipGenSelectionDAGInfo.cpp.obj
[ 55%] Building CXX object lib/Target/Codasip/CMakeFiles/LLVMCodasipCodeGen.dir/CodasipHazardRec.cpp.obj
[ 57%] Building CXX object lib/Target/Codasip/CMakeFiles/LLVMCodasipCodeGen.dir/CodasipInstrInfo.cpp.obj
[ 59%] Building CXX object lib/Target/Codasip/CMakeFiles/LLVMCodasipCodeGen.dir/CodasipInstructionSemantics.cpp.obj
c:/Users/Boskin/codasip/RISC_V5/work/tmp/compiler/llvm/lib/Target/Codasip/CodasipGenISelLowering.cpp: In member function 'virtual const char* llvm::CodasipGenTargetLowering::getTargetNodeName(unsigned int) const':
c:/Users/Boskin/codasip/RISC_V5/work/tmp/compiler/llvm/lib/Target/Codasip/CodasipGenISelLowering.cpp:926:1: warning: control reaches end of non-void function [-Wreturn-type]
 }
 ^
c:/Users/Boskin/codasip/RISC_V5/work/tmp/compiler/llvm/lib/Target/Codasip/CodasipInstructionSemantics.cpp:29:0: warning: ignoring #pragma optimize  [-Wunknown-pragmas]
   #pragma optimize("", off) // disable global optimization, this will increase compilation times 8x-10x
 ^
c:/Users/Boskin/codasip/RISC_V5/work/tmp/compiler/llvm/lib/Target/Codasip/CodasipInstructionSemantics.cpp:2752:0: warning: ignoring #pragma optimize  [-Wunknown-pragmas]
   #pragma optimize("", on)
 ^
[ 61%] Building CXX object lib/Target/Codasip/CMakeFiles/LLVMCodasipCodeGen.dir/CodasipISelDAGToDAG.cpp.obj
[ 62%] Building CXX object lib/Target/Codasip/CMakeFiles/LLVMCodasipCodeGen.dir/CodasipISelLowering.cpp.obj
c:/Users/Boskin/codasip/RISC_V5/work/tmp/compiler/llvm/lib/Target/Codasip/CodasipGenISelLowering.cpp: At global scope:
c:/Users/Boskin/codasip/RISC_V5/work/tmp/compiler/llvm/lib/Target/Codasip/CodasipGenISelLowering.cpp:493:17: warning: 'unsigned int GetHwCl(unsigned int)' defined but not used [-Wunused-function]
 static unsigned GetHwCl(unsigned id)
                 ^
[ 64%] Building CXX object lib/Target/Codasip/CMakeFiles/LLVMCodasipCodeGen.dir/CodasipJumpLengthCheck.cpp.obj
[ 66%] Building CXX object lib/Target/Codasip/CMakeFiles/LLVMCodasipCodeGen.dir/CodasipMiscPasses.cpp.obj
[ 68%] Building CXX object lib/Target/Codasip/CMakeFiles/LLVMCodasipCodeGen.dir/CodasipMoiOptim.cpp.obj
[ 70%] Building CXX object lib/Target/Codasip/CMakeFiles/LLVMCodasipCodeGen.dir/CodasipNoopAdder.cpp.obj
[ 72%] Building CXX object lib/Target/Codasip/CMakeFiles/LLVMCodasipCodeGen.dir/CodasipRegisterInfo.cpp.obj
[ 74%] Building CXX object lib/Target/Codasip/CMakeFiles/LLVMCodasipCodeGen.dir/CodasipSelectionDAGInfo.cpp.obj
[ 75%] Building CXX object lib/Target/Codasip/CMakeFiles/LLVMCodasipCodeGen.dir/CodasipSubtarget.cpp.obj
[ 77%] Building CXX object lib/Target/Codasip/CMakeFiles/LLVMCodasipCodeGen.dir/CodasipTargetMachine.cpp.obj
c:/Users/Boskin/codasip/RISC_V5/work/tmp/compiler/llvm/lib/Target/Codasip/CodasipNoopAdder.cpp: In member function 'bool {anonymous}::NoopAdder::FixProfilerDirectives(llvm::MachineBasicBlock&)':
c:/Users/Boskin/codasip/RISC_V5/work/tmp/compiler/llvm/lib/Target/Codasip/CodasipNoopAdder.cpp:220:68: warning: comparison between signed and unsigned integer expressions [-Wsign-compare]
   for (auto MII = MBB.instr_begin(); MII != MBB.instr_end() && i < MaxJumpLatency; MII++, i++)
                                                                    ^
[ 79%] Building CXX object lib/Target/Codasip/CMakeFiles/LLVMCodasipCodeGen.dir/CodasipTargetObjectFile.cpp.obj
[ 81%] Building CXX object lib/Target/Codasip/CMakeFiles/LLVMCodasipCodeGen.dir/CodasipSequencer.cpp.obj
[ 83%] Building CXX object lib/Target/Codasip/CMakeFiles/LLVMCodasipCodeGen.dir/CodasipPeephole.cpp.obj
[ 85%] Building CXX object lib/Target/Codasip/CMakeFiles/LLVMCodasipCodeGen.dir/CodasipInstrSizeOptim.cpp.obj
[ 87%] Building CXX object lib/Target/Codasip/CMakeFiles/LLVMCodasipCodeGen.dir/CodasipGenPassConfig.cpp.obj
[ 88%] Building CXX object lib/Target/Codasip/CMakeFiles/LLVMCodasipCodeGen.dir/CodasipCustPassConfig.cpp.obj
[ 90%] Building CXX object lib/Target/Codasip/CMakeFiles/LLVMCodasipCodeGen.dir/CodasipCustomHooks.cpp.obj
[ 92%] Building CXX object lib/Target/Codasip/CMakeFiles/LLVMCodasipCodeGen.dir/CodasipVliwNoopAdder.cpp.obj
[ 94%] Building CXX object lib/Target/Codasip/CMakeFiles/LLVMCodasipCodeGen.dir/CodasipCfiAdder.cpp.obj
[ 96%] Linking CXX static library ../../libLLVMCodasipCodeGen.a
[ 96%] Built target LLVMCodasipCodeGen
Scanning dependencies of target llc
[ 98%] Building CXX object tools/llc/CMakeFiles/llc.dir/dummy.cpp.obj
[100%] Linking CXX executable ../../bin/llc.exe
[100%] Built target llc
