-- The C compiler identification is GNU 4.8.3
-- The CXX compiler identification is GNU 4.8.3
-- The ASM compiler identification is GNU
-- Found assembler: C:/Codasip/MinGW-1.5.1/bin/gcc.exe
-- Check for working C compiler: C:/Codasip/MinGW-1.5.1/bin/gcc.exe
-- Check for working C compiler: C:/Codasip/MinGW-1.5.1/bin/gcc.exe -- works
-- Detecting C compiler ABI info
-- Detecting C compiler ABI info - done
-- Detecting C compile features
-- Detecting C compile features - done
-- Check for working CXX compiler: C:/Codasip/MinGW-1.5.1/bin/g++.exe
-- Check for working CXX compiler: C:/Codasip/MinGW-1.5.1/bin/g++.exe -- works
-- Detecting CXX compiler ABI info
-- Detecting CXX compiler ABI info - done
-- Detecting CXX compile features
-- Detecting CXX compile features - done
-- Looking for dirent.h
-- Looking for dirent.h - found
-- Looking for dlfcn.h
-- Looking for dlfcn.h - not found
-- Looking for errno.h
-- Looking for errno.h - found
-- Looking for execinfo.h
-- Looking for execinfo.h - not found
-- Looking for fcntl.h
-- Looking for fcntl.h - found
-- Looking for inttypes.h
-- Looking for inttypes.h - found
-- Looking for link.h
-- Looking for link.h - not found
-- Looking for malloc.h
-- Looking for malloc.h - found
-- Looking for malloc/malloc.h
-- Looking for malloc/malloc.h - not found
-- Looking for ndir.h
-- Looking for ndir.h - not found
-- Looking for signal.h
-- Looking for signal.h - found
-- Looking for stdint.h
-- Looking for stdint.h - found
-- Looking for sys/dir.h
-- Looking for sys/dir.h - not found
-- Looking for sys/ioctl.h
-- Looking for sys/ioctl.h - not found
-- Looking for sys/mman.h
-- Looking for sys/mman.h - not found
-- Looking for sys/ndir.h
-- Looking for sys/ndir.h - not found
-- Looking for sys/param.h
-- Looking for sys/param.h - found
-- Looking for sys/resource.h
-- Looking for sys/resource.h - not found
-- Looking for sys/stat.h
-- Looking for sys/stat.h - found
-- Looking for sys/time.h
-- Looking for sys/time.h - found
-- Looking for sys/types.h
-- Looking for sys/types.h - found
-- Looking for sys/uio.h
-- Looking for sys/uio.h - not found
-- Looking for termios.h
-- Looking for termios.h - not found
-- Looking for unistd.h
-- Looking for unistd.h - found
-- Looking for valgrind/valgrind.h
-- Looking for valgrind/valgrind.h - not found
-- Looking for zlib.h
-- Looking for zlib.h - found
-- Looking for fenv.h
-- Looking for fenv.h - found
-- Looking for FE_ALL_EXCEPT
-- Looking for FE_ALL_EXCEPT - found
-- Looking for FE_INEXACT
-- Looking for FE_INEXACT - found
-- Looking for mach/mach.h
-- Looking for mach/mach.h - not found
-- Looking for histedit.h
-- Looking for histedit.h - not found
-- Looking for CrashReporterClient.h
-- Looking for CrashReporterClient.h - not found
-- Looking for xar_open in xar
-- Looking for xar_open in xar - not found
-- Looking for arc4random
-- Looking for arc4random - not found
-- Looking for backtrace
-- Looking for backtrace - not found
-- Looking for _Unwind_Backtrace
-- Looking for _Unwind_Backtrace - found
-- Looking for getpagesize
-- Looking for getpagesize - not found
-- Looking for sysconf
-- Looking for sysconf - not found
-- Looking for getrusage
-- Looking for getrusage - not found
-- Looking for setrlimit
-- Looking for setrlimit - not found
-- Looking for isatty
-- Looking for isatty - found
-- Looking for futimens
-- Looking for futimens - not found
-- Looking for futimes
-- Looking for futimes - not found
-- Looking for posix_fallocate
-- Looking for posix_fallocate - not found
-- Looking for sigaltstack
-- Looking for sigaltstack - not found
-- Looking for lseek64
-- Looking for lseek64 - found
-- Looking for mallctl
-- Looking for mallctl - not found
-- Looking for mallinfo
-- Looking for mallinfo - not found
-- Looking for malloc_zone_statistics
-- Looking for malloc_zone_statistics - not found
-- Looking for mkdtemp
-- Looking for mkdtemp - not found
-- Looking for mkstemp
-- Looking for mkstemp - not found
-- Looking for mktemp
-- Looking for mktemp - found
-- Looking for getcwd
-- Looking for getcwd - found
-- Looking for gettimeofday
-- Looking for gettimeofday - found
-- Looking for getrlimit
-- Looking for getrlimit - not found
-- Looking for posix_spawn
-- Looking for posix_spawn - not found
-- Looking for pread
-- Looking for pread - not found
-- Looking for realpath
-- Looking for realpath - not found
-- Looking for sbrk
-- Looking for sbrk - not found
-- Looking for strtoll
-- Looking for strtoll - found
-- Looking for strerror
-- Looking for strerror - found
-- Looking for strerror_r
-- Looking for strerror_r - not found
-- Looking for strerror_s
-- Looking for strerror_s - not found
-- Looking for setenv
-- Looking for setenv - not found
-- Looking for _chsize_s
-- Looking for _chsize_s - not found
-- Looking for _alloca
-- Looking for _alloca - not found
-- Looking for __alloca
-- Looking for __alloca - found
-- Looking for __chkstk
-- Looking for __chkstk - not found
-- Looking for __chkstk_ms
-- Looking for __chkstk_ms - not found
-- Looking for ___chkstk
-- Looking for ___chkstk - found
-- Looking for ___chkstk_ms
-- Looking for ___chkstk_ms - found
-- Looking for __ashldi3
-- Looking for __ashldi3 - not found
-- Looking for __ashrdi3
-- Looking for __ashrdi3 - not found
-- Looking for __divdi3
-- Looking for __divdi3 - not found
-- Looking for __fixdfdi
-- Looking for __fixdfdi - not found
-- Looking for __fixsfdi
-- Looking for __fixsfdi - not found
-- Looking for __floatdidf
-- Looking for __floatdidf - not found
-- Looking for __lshrdi3
-- Looking for __lshrdi3 - not found
-- Looking for __moddi3
-- Looking for __moddi3 - not found
-- Looking for __udivdi3
-- Looking for __udivdi3 - not found
-- Looking for __umoddi3
-- Looking for __umoddi3 - not found
-- Looking for __main
-- Looking for __main - found
-- Looking for __cmpdi2
-- Looking for __cmpdi2 - not found
-- Looking for __GLIBC__
-- Looking for __GLIBC__ - not found
-- Performing Test HAVE_INT64_T
-- Performing Test HAVE_INT64_T - Success
-- Performing Test HAVE_UINT64_T
-- Performing Test HAVE_UINT64_T - Success
-- Performing Test HAVE_U_INT64_T
-- Performing Test HAVE_U_INT64_T - Failed
-- Performing Test HAVE_CXX_ATOMICS_WITHOUT_LIB
-- Performing Test HAVE_CXX_ATOMICS_WITHOUT_LIB - Success
-- Performing Test HAVE_CXX_ATOMICS64_WITHOUT_LIB
-- Performing Test HAVE_CXX_ATOMICS64_WITHOUT_LIB - Success
-- Performing Test LLVM_HAS_ATOMICS
-- Performing Test LLVM_HAS_ATOMICS - Success
-- Performing Test SUPPORTS_VARIADIC_MACROS_FLAG
-- Performing Test SUPPORTS_VARIADIC_MACROS_FLAG - Success
-- Performing Test SUPPORTS_GNU_ZERO_VARIADIC_MACRO_ARGUMENTS_FLAG
-- Performing Test SUPPORTS_GNU_ZERO_VARIADIC_MACRO_ARGUMENTS_FLAG - Failed
-- Performing Test HAS_MAYBE_UNINITIALIZED
-- Performing Test HAS_MAYBE_UNINITIALIZED - Success
-- Native target X86 is not selected; lli will not JIT code
-- Threads enabled.
-- Doxygen disabled.
-- Sphinx disabled.
-- Go bindings disabled.
-- Could NOT find OCaml (missing:  OCAMLFIND OCAML_VERSION OCAML_STDLIB_PATH) 
-- OCaml bindings disabled.
-- LLVM host triple: i686-pc-mingw32
-- LLVM default target triple: i686-pc-mingw32
-- Performing Test CXX_SUPPORTS_MISSING_FIELD_INITIALIZERS_FLAG
-- Performing Test CXX_SUPPORTS_MISSING_FIELD_INITIALIZERS_FLAG - Success
-- Performing Test C_SUPPORTS_COVERED_SWITCH_DEFAULT_FLAG
-- Performing Test C_SUPPORTS_COVERED_SWITCH_DEFAULT_FLAG - Failed
-- Performing Test CXX_SUPPORTS_COVERED_SWITCH_DEFAULT_FLAG
-- Performing Test CXX_SUPPORTS_COVERED_SWITCH_DEFAULT_FLAG - Failed
-- Performing Test C_SUPPORTS_DELETE_NON_VIRTUAL_DTOR_FLAG
-- Performing Test C_SUPPORTS_DELETE_NON_VIRTUAL_DTOR_FLAG - Failed
-- Performing Test CXX_SUPPORTS_DELETE_NON_VIRTUAL_DTOR_FLAG
-- Performing Test CXX_SUPPORTS_DELETE_NON_VIRTUAL_DTOR_FLAG - Success
-- Performing Test C_WCOMMENT_ALLOWS_LINE_WRAP
-- Performing Test C_WCOMMENT_ALLOWS_LINE_WRAP - Failed
-- Performing Test C_SUPPORTS_STRING_CONVERSION_FLAG
-- Performing Test C_SUPPORTS_STRING_CONVERSION_FLAG - Failed
-- Performing Test CXX_SUPPORTS_STRING_CONVERSION_FLAG
-- Performing Test CXX_SUPPORTS_STRING_CONVERSION_FLAG - Failed
-- Performing Test C_SUPPORTS_WERROR_DATE_TIME
-- Performing Test C_SUPPORTS_WERROR_DATE_TIME - Failed
-- Performing Test CXX_SUPPORTS_WERROR_DATE_TIME
-- Performing Test CXX_SUPPORTS_WERROR_DATE_TIME - Failed
-- Performing Test CXX_SUPPORTS_CXX11
-- Performing Test CXX_SUPPORTS_CXX11 - Success
-- Found PythonInterp: C:/Codasip/Studio-6.8.2/tools/bin/cmdline (found version "2.7.9") 
-- Constructing LLVMBuild project information
-- CODASIP_OPTIMIZATION: -O1
-- CMAKE_CXX_FLAGS_RELEASE: -O3 
-- Updated CMAKE_CXX_FLAGS_RELEASE:  -O1 
-- Targeting Codasip
-- Evaluation mode is enabled.
-- Configuring done
-- Generating done
-- Build files have been written to: C:/Users/Boskin/codasip/RISC_V5/work/tmp/compiler/build
