Compiling the C compiler identification source file "CMakeCCompilerId.c" failed.
Compiler: c:/users/boskin/codasip/risc_v5/work/ia/sdk/bin/RISC_V5-ia-clang 
Build flags: 
Id flags: 

The output was:
%1 is not a valid Win32 application


Compiling the C compiler identification source file "CMakeCCompilerId.c" failed.
Compiler: c:/users/boskin/codasip/risc_v5/work/ia/sdk/bin/RISC_V5-ia-clang 
Build flags: 
Id flags: -c

The output was:
%1 is not a valid Win32 application


Compiling the C compiler identification source file "CMakeCCompilerId.c" failed.
Compiler: c:/users/boskin/codasip/risc_v5/work/ia/sdk/bin/RISC_V5-ia-clang 
Build flags: 
Id flags: -Aa

The output was:
%1 is not a valid Win32 application


Compiling the C compiler identification source file "CMakeCCompilerId.c" failed.
Compiler: c:/users/boskin/codasip/risc_v5/work/ia/sdk/bin/RISC_V5-ia-clang 
Build flags: 
Id flags: -D__CLASSIC_C__

The output was:
%1 is not a valid Win32 application


Checking whether the C compiler is IAR using "" did not match "IAR .+ Compiler":
Checking whether the ASM compiler is GNU using "--version" did not match "(GNU assembler)|(GCC)|(Free Software Foundation)":
Checking whether the ASM compiler is HP using "-V" did not match "HP C":
Checking whether the ASM compiler is Intel using "--version" did not match "(ICC)":
Checking whether the ASM compiler is SunPro using "-V" did not match "Sun C":
Checking whether the ASM compiler is XL using "-qversion" did not match "XL C":
Checking whether the ASM compiler is MSVC using "/?" did not match "Microsoft":
Checking whether the ASM compiler is TI using "-h" did not match "Texas Instruments":
Checking whether the ASM compiler is GNU using "--version" did not match "(GNU assembler)|(GCC)|(Free Software Foundation)":
Checking whether the ASM compiler is IAR using "" did not match "IAR Assembler":
Checking whether the ASM compiler is ARMCC using "" did not match "(ARM Compiler)|(ARM Assembler)":
Detecting C compiler ABI info failed to compile with the following output:
Change Dir: C:/Users/Boskin/codasip/RISC_V5/work/tmp/libs/newlib/build/CMakeFiles/CMakeTmp

Run Build Command:"C:/Codasip/MinGW-1.5.1/bin/ninja.exe" "cmTC_d5859"
ninja: fatal: CreateProcess: %1 is not a valid Win32 application.




